[debug] [2025-08-02T03:08:35.928Z] ----------------------------------------------------------------------
[debug] [2025-08-02T03:08:35.929Z] Command:       /Users/doc/.nvm/versions/node/v20.15.1/bin/node /Users/doc/.nvm/versions/node/v20.15.1/bin/firebase init
[debug] [2025-08-02T03:08:35.929Z] CLI Version:   13.15.4
[debug] [2025-08-02T03:08:35.929Z] Platform:      darwin
[debug] [2025-08-02T03:08:35.929Z] Node Version:  v20.15.1
[debug] [2025-08-02T03:08:35.929Z] Time:          Sat Aug 02 2025 05:08:35 GMT+0200 (Central European Summer Time)
[debug] [2025-08-02T03:08:35.929Z] ----------------------------------------------------------------------
[debug] 
[debug] [2025-08-02T03:08:35.930Z] >>> [apiv2][query] GET https://firebase-public.firebaseio.com/cli.json [none]
[debug] [2025-08-02T03:08:35.951Z] > command requires scopes: ["email","openid","https://www.googleapis.com/auth/cloudplatformprojects.readonly","https://www.googleapis.com/auth/firebase","https://www.googleapis.com/auth/cloud-platform"]
[debug] [2025-08-02T03:08:35.951Z] > authorizing via signed-in user (theophile.vast@gmail.com)
[info] 
     ######## #### ########  ######## ########     ###     ######  ########
     ##        ##  ##     ## ##       ##     ##  ##   ##  ##       ##
     ######    ##  ########  ######   ########  #########  ######  ######
     ##        ##  ##    ##  ##       ##     ## ##     ##       ## ##
     ##       #### ##     ## ######## ########  ##     ##  ######  ########

You're about to initialize a Firebase project in this directory:

  /Users/doc/Desktop/P0/tvast.github.io

[debug] [2025-08-02T03:08:36.742Z] <<< [apiv2][status] GET https://firebase-public.firebaseio.com/cli.json 200
[debug] [2025-08-02T03:08:36.743Z] <<< [apiv2][body] GET https://firebase-public.firebaseio.com/cli.json {"cloudBuildErrorAfter":1594252800000,"cloudBuildWarnAfter":1590019200000,"defaultNode10After":1594252800000,"minVersion":"3.0.5","node8DeploysDisabledAfter":1613390400000,"node8RuntimeDisabledAfter":1615809600000,"node8WarnAfter":1600128000000}
[info] 
=== Project Setup
[info] 
[info] First, let's associate this project directory with a Firebase project.
[info] You can create multiple project aliases by running firebase use --add, 
[info] but for now we'll just set up a default project.
[info] 
[info] i  If you want to create a project in a Google Cloud organization or folder, please use "firebase projects:create" instead, and return to this command when you've created the project. 
[debug] [2025-08-02T03:09:10.812Z] > refreshing access token with scopes: []
[debug] [2025-08-02T03:09:10.813Z] >>> [apiv2][query] POST https://www.googleapis.com/oauth2/v3/token [none]
[debug] [2025-08-02T03:09:10.814Z] >>> [apiv2][body] POST https://www.googleapis.com/oauth2/v3/token [omitted]
[debug] [2025-08-02T03:09:11.250Z] <<< [apiv2][status] POST https://www.googleapis.com/oauth2/v3/token 200
[debug] [2025-08-02T03:09:11.251Z] <<< [apiv2][body] POST https://www.googleapis.com/oauth2/v3/token [omitted]
[debug] [2025-08-02T03:09:11.264Z] >>> [apiv2][query] POST https://cloudresourcemanager.googleapis.com/v1/projects [none]
[debug] [2025-08-02T03:09:11.264Z] >>> [apiv2][body] POST https://cloudresourcemanager.googleapis.com/v1/projects {"projectId":"tvast.github.io","name":"tvast.github.io"}
[debug] [2025-08-02T03:09:12.223Z] <<< [apiv2][status] POST https://cloudresourcemanager.googleapis.com/v1/projects 400
[debug] [2025-08-02T03:09:12.223Z] <<< [apiv2][body] POST https://cloudresourcemanager.googleapis.com/v1/projects {"error":{"code":400,"message":"Request contains an invalid argument.","status":"INVALID_ARGUMENT","details":[{"@type":"type.googleapis.com/google.rpc.BadRequest","fieldViolations":[{"field":"project_id","description":"project_id contains invalid characters"},{"field":"display_name","description":"project display name contains invalid characters"}]},{"@type":"type.googleapis.com/google.rpc.Help","links":[{"url":"https://cloud.google.com/resource-manager/reference/rest/v1/projects"}]}]}}
[debug] [2025-08-02T03:09:12.226Z] FirebaseError: HTTP Error: 400, Request contains an invalid argument.
    at responseToError (/Users/doc/.nvm/versions/node/v20.15.1/lib/node_modules/firebase-tools/lib/responseToError.js:49:12)
    at RetryOperation._fn (/Users/doc/.nvm/versions/node/v20.15.1/lib/node_modules/firebase-tools/lib/apiv2.js:305:77)
    at process.processTicksAndRejections (node:internal/process/task_queues:95:5)
[error] 
[error] Error: Failed to create project. See firebase-debug.log for more info.
